# JRE version: Java(TM) SE Runtime Environment (13.0.2+8) (build 13.0.2+8)
# Java VM: Java HotSpot(TM) 64-Bit Server VM (13.0.2+8, mixed mode, sharing, tiered, compressed oops, g1 gc, windows-amd64)
Heap:
 garbage-first heap   total 245760K, used 75115K [0x00000000c0000000, 0x0000000100000000)
  region size 1024K, 1 young (1024K), 0 survivors (0K)
 Metaspace       used 10249K, capacity 12408K, committed 12544K, reserved 1060864K
  class space    used 1614K, capacity 1982K, committed 2048K, reserved 1048576K
GC Heap History (20 events):
Event: 7.608 GC heap before
{Heap before GC invocations=49 (full 13):
 garbage-first heap   total 245760K, used 75115K [0x00000000c0000000, 0x0000000100000000)
  region size 1024K, 1 young (1024K), 0 survivors (0K)
 Metaspace       used 10249K, capacity 12408K, committed 12544K, reserved 1060864K
  class space    used 1614K, capacity 1982K, committed 2048K, reserved 1048576K
}
Event: 7.698 GC heap after
{Heap after GC invocations=50 (full 14):
 garbage-first heap   total 245760K, used 75115K [0x00000000c0000000, 0x0000000100000000)
  region size 1024K, 0 young (0K), 0 survivors (0K)
 Metaspace       used 10249K, capacity 12408K, committed 12544K, reserved 1060864K
  class space    used 1614K, capacity 1982K, committed 2048K, reserved 1048576K
}
Event: 8.473 GC heap before
{Heap before GC invocations=50 (full 14):
 garbage-first heap   total 245760K, used 75115K [0x00000000c0000000, 0x0000000100000000)
  region size 1024K, 1 young (1024K), 0 survivors (0K)
 Metaspace       used 10249K, capacity 12408K, committed 12544K, reserved 1060864K
  class space    used 1614K, capacity 1982K, committed 2048K, reserved 1048576K
}
Event: 8.558 GC heap after
{Heap after GC invocations=51 (full 15):
 garbage-first heap   total 245760K, used 75115K [0x00000000c0000000, 0x0000000100000000)
  region size 1024K, 0 young (0K), 0 survivors (0K)
 Metaspace       used 10249K, capacity 12408K, committed 12544K, reserved 1060864K
  class space    used 1614K, capacity 1982K, committed 2048K, reserved 1048576K
}
Event: 8.672 GC heap before
{Heap before GC invocations=51 (full 15):
 garbage-first heap   total 245760K, used 75115K [0x00000000c0000000, 0x0000000100000000)
  region size 1024K, 1 young (1024K), 0 survivors (0K)
 Metaspace       used 10249K, capacity 12408K, committed 12544K, reserved 1060864K
  class space    used 1614K, capacity 1982K, committed 2048K, reserved 1048576K
}
Event: 8.757 GC heap after
{Heap after GC invocations=52 (full 16):
 garbage-first heap   total 245760K, used 75115K [0x00000000c0000000, 0x0000000100000000)
  region size 1024K, 0 young (0K), 0 survivors (0K)
 Metaspace       used 10249K, capacity 12408K, committed 12544K, reserved 1060864K
  class space    used 1614K, capacity 1982K, committed 2048K, reserved 1048576K
}
Event: 9.201 GC heap before
{Heap before GC invocations=52 (full 16):
 garbage-first heap   total 245760K, used 75115K [0x00000000c0000000, 0x0000000100000000)
  region size 1024K, 1 young (1024K), 0 survivors (0K)
 Metaspace       used 10249K, capacity 12408K, committed 12544K, reserved 1060864K
  class space    used 1614K, capacity 1982K, committed 2048K, reserved 1048576K
}
Event: 9.282 GC heap after
{Heap after GC invocations=53 (full 17):
 garbage-first heap   total 245760K, used 75115K [0x00000000c0000000, 0x0000000100000000)
  region size 1024K, 0 young (0K), 0 survivors (0K)
 Metaspace       used 10249K, capacity 12408K, committed 12544K, reserved 1060864K
  class space    used 1614K, capacity 1982K, committed 2048K, reserved 1048576K
}
Event: 9.386 GC heap before
{Heap before GC invocations=53 (full 17):
 garbage-first heap   total 245760K, used 75115K [0x00000000c0000000, 0x0000000100000000)
  region size 1024K, 1 young (1024K), 0 survivors (0K)
 Metaspace       used 10249K, capacity 12408K, committed 12544K, reserved 1060864K
  class space    used 1614K, capacity 1982K, committed 2048K, reserved 1048576K
}
Event: 9.467 GC heap after
{Heap after GC invocations=54 (full 18):
 garbage-first heap   total 245760K, used 75115K [0x00000000c0000000, 0x0000000100000000)
  region size 1024K, 0 young (0K), 0 survivors (0K)
 Metaspace       used 10249K, capacity 12408K, committed 12544K, reserved 1060864K
  class space    used 1614K, capacity 1982K, committed 2048K, reserved 1048576K
}
Event: 9.541 GC heap before
{Heap before GC invocations=54 (full 18):
 garbage-first heap   total 245760K, used 75115K [0x00000000c0000000, 0x0000000100000000)
  region size 1024K, 1 young (1024K), 0 survivors (0K)
 Metaspace       used 10249K, capacity 12408K, committed 12544K, reserved 1060864K
  class space    used 1614K, capacity 1982K, committed 2048K, reserved 1048576K
}
Event: 9.621 GC heap after
{Heap after GC invocations=55 (full 19):
 garbage-first heap   total 245760K, used 75115K [0x00000000c0000000, 0x0000000100000000)
  region size 1024K, 0 young (0K), 0 survivors (0K)
 Metaspace       used 10249K, capacity 12408K, committed 12544K, reserved 1060864K
  class space    used 1614K, capacity 1982K, committed 2048K, reserved 1048576K
}
Event: 9.623 GC heap before
{Heap before GC invocations=55 (full 19):
 garbage-first heap   total 245760K, used 75115K [0x00000000c0000000, 0x0000000100000000)
  region size 1024K, 1 young (1024K), 0 survivors (0K)
 Metaspace       used 10249K, capacity 12408K, committed 12544K, reserved 1060864K
  class space    used 1614K, capacity 1982K, committed 2048K, reserved 1048576K
}
Event: 9.704 GC heap after
{Heap after GC invocations=56 (full 20):
 garbage-first heap   total 245760K, used 75115K [0x00000000c0000000, 0x0000000100000000)
  region size 1024K, 0 young (0K), 0 survivors (0K)
 Metaspace       used 10249K, capacity 12408K, committed 12544K, reserved 1060864K
  class space    used 1614K, capacity 1982K, committed 2048K, reserved 1048576K
}
Event: 14.759 GC heap before
{Heap before GC invocations=56 (full 20):
 garbage-first heap   total 245760K, used 75115K [0x00000000c0000000, 0x0000000100000000)
  region size 1024K, 1 young (1024K), 0 survivors (0K)
 Metaspace       used 10249K, capacity 12408K, committed 12544K, reserved 1060864K
  class space    used 1614K, capacity 1982K, committed 2048K, reserved 1048576K
}
Event: 14.848 GC heap after
{Heap after GC invocations=57 (full 21):
 garbage-first heap   total 245760K, used 75115K [0x00000000c0000000, 0x0000000100000000)
  region size 1024K, 0 young (0K), 0 survivors (0K)
 Metaspace       used 10249K, capacity 12408K, committed 12544K, reserved 1060864K
  class space    used 1614K, capacity 1982K, committed 2048K, reserved 1048576K
}
Event: 15.874 GC heap before
{Heap before GC invocations=57 (full 21):
 garbage-first heap   total 245760K, used 75115K [0x00000000c0000000, 0x0000000100000000)
  region size 1024K, 1 young (1024K), 0 survivors (0K)
 Metaspace       used 10249K, capacity 12408K, committed 12544K, reserved 1060864K
  class space    used 1614K, capacity 1982K, committed 2048K, reserved 1048576K
}
Event: 15.959 GC heap after
{Heap after GC invocations=58 (full 22):
 garbage-first heap   total 245760K, used 75115K [0x00000000c0000000, 0x0000000100000000)
  region size 1024K, 0 young (0K), 0 survivors (0K)
 Metaspace       used 10249K, capacity 12408K, committed 12544K, reserved 1060864K
  class space    used 1614K, capacity 1982K, committed 2048K, reserved 1048576K
}
Event: 16.058 GC heap before
{Heap before GC invocations=58 (full 22):
 garbage-first heap   total 245760K, used 75115K [0x00000000c0000000, 0x0000000100000000)
  region size 1024K, 1 young (1024K), 0 survivors (0K)
 Metaspace       used 10249K, capacity 12408K, committed 12544K, reserved 1060864K
  class space    used 1614K, capacity 1982K, committed 2048K, reserved 1048576K
}
Event: 16.141 GC heap after
{Heap after GC invocations=59 (full 23):
 garbage-first heap   total 245760K, used 75115K [0x00000000c0000000, 0x0000000100000000)
  region size 1024K, 0 young (0K), 0 survivors (0K)
 Metaspace       used 10249K, capacity 12408K, committed 12544K, reserved 1060864K
  class space    used 1614K, capacity 1982K, committed 2048K, reserved 1048576K
}

