# JRE version: Java(TM) SE Runtime Environment (13.0.2+8) (build 13.0.2+8)
# Java VM: Java HotSpot(TM) 64-Bit Server VM (13.0.2+8, mixed mode, sharing, tiered, compressed oops, g1 gc, windows-amd64)
Heap:
 garbage-first heap   total 256000K, used 75090K [0x00000000c0000000, 0x0000000100000000)
  region size 1024K, 1 young (1024K), 0 survivors (0K)
 Metaspace       used 10313K, capacity 12472K, committed 12544K, reserved 1060864K
  class space    used 1615K, capacity 1982K, committed 2048K, reserved 1048576K
GC Heap History (20 events):
Event: 1.821 GC heap before
{Heap before GC invocations=20 (full 4):
 garbage-first heap   total 88064K, used 59491K [0x00000000c0000000, 0x0000000100000000)
  region size 1024K, 38 young (38912K), 4 survivors (4096K)
 Metaspace       used 7827K, capacity 10256K, committed 10368K, reserved 1058816K
  class space    used 1247K, capacity 1579K, committed 1664K, reserved 1048576K
}
Event: 1.843 GC heap after
{Heap after GC invocations=21 (full 4):
 garbage-first heap   total 190464K, used 30825K [0x00000000c0000000, 0x0000000100000000)
  region size 1024K, 5 young (5120K), 5 survivors (5120K)
 Metaspace       used 7827K, capacity 10256K, committed 10368K, reserved 1058816K
  class space    used 1247K, capacity 1579K, committed 1664K, reserved 1048576K
}
Event: 1.999 GC heap before
{Heap before GC invocations=21 (full 4):
 garbage-first heap   total 190464K, used 92265K [0x00000000c0000000, 0x0000000100000000)
  region size 1024K, 65 young (66560K), 5 survivors (5120K)
 Metaspace       used 7828K, capacity 10256K, committed 10368K, reserved 1058816K
  class space    used 1247K, capacity 1579K, committed 1664K, reserved 1048576K
}
Event: 2.019 GC heap after
{Heap after GC invocations=22 (full 4):
 garbage-first heap   total 190464K, used 36027K [0x00000000c0000000, 0x0000000100000000)
  region size 1024K, 6 young (6144K), 6 survivors (6144K)
 Metaspace       used 7828K, capacity 10256K, committed 10368K, reserved 1058816K
  class space    used 1247K, capacity 1579K, committed 1664K, reserved 1048576K
}
Event: 2.404 GC heap before
{Heap before GC invocations=22 (full 4):
 garbage-first heap   total 190464K, used 123067K [0x00000000c0000000, 0x0000000100000000)
  region size 1024K, 80 young (81920K), 6 survivors (6144K)
 Metaspace       used 8841K, capacity 11222K, committed 11392K, reserved 1058816K
  class space    used 1442K, capacity 1824K, committed 1920K, reserved 1048576K
}
Event: 2.439 GC heap after
{Heap after GC invocations=23 (full 4):
 garbage-first heap   total 190464K, used 61086K [0x00000000c0000000, 0x0000000100000000)
  region size 1024K, 10 young (10240K), 10 survivors (10240K)
 Metaspace       used 8841K, capacity 11222K, committed 11392K, reserved 1058816K
  class space    used 1442K, capacity 1824K, committed 1920K, reserved 1048576K
}
Event: 2.700 GC heap before
{Heap before GC invocations=23 (full 4):
 garbage-first heap   total 190464K, used 137886K [0x00000000c0000000, 0x0000000100000000)
  region size 1024K, 84 young (86016K), 10 survivors (10240K)
 Metaspace       used 9494K, capacity 11728K, committed 12032K, reserved 1058816K
  class space    used 1534K, capacity 1927K, committed 2048K, reserved 1048576K
}
Event: 2.731 GC heap after
{Heap after GC invocations=24 (full 4):
 garbage-first heap   total 190464K, used 73487K [0x00000000c0000000, 0x0000000100000000)
  region size 1024K, 11 young (11264K), 11 survivors (11264K)
 Metaspace       used 9494K, capacity 11728K, committed 12032K, reserved 1058816K
  class space    used 1534K, capacity 1927K, committed 2048K, reserved 1048576K
}
Event: 2.816 GC heap before
{Heap before GC invocations=24 (full 4):
 garbage-first heap   total 190464K, used 140047K [0x00000000c0000000, 0x0000000100000000)
  region size 1024K, 76 young (77824K), 11 survivors (11264K)
 Metaspace       used 9495K, capacity 11728K, committed 12032K, reserved 1058816K
  class space    used 1534K, capacity 1927K, committed 2048K, reserved 1048576K
}
Event: 2.841 GC heap after
{Heap after GC invocations=25 (full 4):
 garbage-first heap   total 445440K, used 82327K [0x00000000c0000000, 0x0000000100000000)
  region size 1024K, 9 young (9216K), 9 survivors (9216K)
 Metaspace       used 9495K, capacity 11728K, committed 12032K, reserved 1058816K
  class space    used 1534K, capacity 1927K, committed 2048K, reserved 1048576K
}
Event: 3.550 GC heap before
{Heap before GC invocations=25 (full 4):
 garbage-first heap   total 445440K, used 259479K [0x00000000c0000000, 0x0000000100000000)
  region size 1024K, 182 young (186368K), 9 survivors (9216K)
 Metaspace       used 9594K, capacity 11800K, committed 12032K, reserved 1058816K
  class space    used 1567K, capacity 1930K, committed 2048K, reserved 1048576K
}
Event: 3.661 GC heap after
{Heap after GC invocations=26 (full 4):
 garbage-first heap   total 445440K, used 100807K [0x00000000c0000000, 0x0000000100000000)
  region size 1024K, 23 young (23552K), 23 survivors (23552K)
 Metaspace       used 9594K, capacity 11800K, committed 12032K, reserved 1058816K
  class space    used 1567K, capacity 1930K, committed 2048K, reserved 1048576K
}
Event: 4.632 GC heap before
{Heap before GC invocations=26 (full 4):
 garbage-first heap   total 445440K, used 282055K [0x00000000c0000000, 0x0000000100000000)
  region size 1024K, 201 young (205824K), 23 survivors (23552K)
 Metaspace       used 10312K, capacity 12472K, committed 12544K, reserved 1060864K
  class space    used 1615K, capacity 1982K, committed 2048K, reserved 1048576K
}
Event: 4.898 GC heap after
{Heap after GC invocations=27 (full 5):
 garbage-first heap   total 256000K, used 75139K [0x00000000c0000000, 0x0000000100000000)
  region size 1024K, 0 young (0K), 0 survivors (0K)
 Metaspace       used 10312K, capacity 12472K, committed 12544K, reserved 1060864K
  class space    used 1615K, capacity 1982K, committed 2048K, reserved 1048576K
}
Event: 9.465 GC heap before
{Heap before GC invocations=27 (full 5):
 garbage-first heap   total 256000K, used 75139K [0x00000000c0000000, 0x0000000100000000)
  region size 1024K, 1 young (1024K), 0 survivors (0K)
 Metaspace       used 10312K, capacity 12472K, committed 12544K, reserved 1060864K
  class space    used 1615K, capacity 1982K, committed 2048K, reserved 1048576K
}
Event: 9.576 GC heap after
{Heap after GC invocations=28 (full 6):
 garbage-first heap   total 256000K, used 75090K [0x00000000c0000000, 0x0000000100000000)
  region size 1024K, 0 young (0K), 0 survivors (0K)
 Metaspace       used 10312K, capacity 12472K, committed 12544K, reserved 1060864K
  class space    used 1615K, capacity 1982K, committed 2048K, reserved 1048576K
}
Event: 9.643 GC heap before
{Heap before GC invocations=28 (full 6):
 garbage-first heap   total 256000K, used 75090K [0x00000000c0000000, 0x0000000100000000)
  region size 1024K, 1 young (1024K), 0 survivors (0K)
 Metaspace       used 10312K, capacity 12472K, committed 12544K, reserved 1060864K
  class space    used 1615K, capacity 1982K, committed 2048K, reserved 1048576K
}
Event: 9.731 GC heap after
{Heap after GC invocations=29 (full 7):
 garbage-first heap   total 256000K, used 75090K [0x00000000c0000000, 0x0000000100000000)
  region size 1024K, 0 young (0K), 0 survivors (0K)
 Metaspace       used 10312K, capacity 12472K, committed 12544K, reserved 1060864K
  class space    used 1615K, capacity 1982K, committed 2048K, reserved 1048576K
}
Event: 10.571 GC heap before
{Heap before GC invocations=29 (full 7):
 garbage-first heap   total 256000K, used 75090K [0x00000000c0000000, 0x0000000100000000)
  region size 1024K, 1 young (1024K), 0 survivors (0K)
 Metaspace       used 10313K, capacity 12472K, committed 12544K, reserved 1060864K
  class space    used 1615K, capacity 1982K, committed 2048K, reserved 1048576K
}
Event: 10.654 GC heap after
{Heap after GC invocations=30 (full 8):
 garbage-first heap   total 256000K, used 75090K [0x00000000c0000000, 0x0000000100000000)
  region size 1024K, 0 young (0K), 0 survivors (0K)
 Metaspace       used 10313K, capacity 12472K, committed 12544K, reserved 1060864K
  class space    used 1615K, capacity 1982K, committed 2048K, reserved 1048576K
}

